<?xml version="1.0" encoding="UTF-8"?>
<testsuite xmlns:xsi="http://www.w3.org/2001/XMLSchema-instance" xsi:noNamespaceSchemaLocation="https://maven.apache.org/surefire/maven-surefire-plugin/xsd/surefire-test-report.xsd" name="Test.Test" time="0.863" tests="0" errors="0" skipped="0" failures="0">
  <properties>
    <property name="sun.desktop" value="windows"/>
    <property name="awt.toolkit" value="sun.awt.windows.WToolkit"/>
    <property name="java.specification.version" value="9"/>
    <property name="file.encoding.pkg" value="sun.io"/>
    <property name="sun.cpu.isalist" value="amd64"/>
    <property name="sun.jnu.encoding" value="Cp1252"/>
    <property name="java.class.path" value="C:\Users\Jannik\Desktop\AOWLN_Protege_Jannik\target\test-classes;C:\Users\Jannik\Desktop\AOWLN_Protege_Jannik\target\classes;C:\Users\Jannik\.m2\repository\guru\nidi\graphviz-java\0.2.3\graphviz-java-0.2.3.jar;C:\Users\Jannik\.m2\repository\org\apache\xmlgraphics\batik-rasterizer\1.9\batik-rasterizer-1.9.jar;C:\Users\Jannik\.m2\repository\org\apache\xmlgraphics\batik-svgrasterizer\1.9\batik-svgrasterizer-1.9.jar;C:\Users\Jannik\.m2\repository\org\apache\xmlgraphics\batik-parser\1.9\batik-parser-1.9.jar;C:\Users\Jannik\.m2\repository\org\apache\xmlgraphics\batik-codec\1.9\batik-codec-1.9.jar;C:\Users\Jannik\.m2\repository\org\apache\xmlgraphics\batik-awt-util\1.9\batik-awt-util-1.9.jar;C:\Users\Jannik\.m2\repository\org\apache\xmlgraphics\batik-bridge\1.9\batik-bridge-1.9.jar;C:\Users\Jannik\.m2\repository\org\apache\xmlgraphics\batik-anim\1.9\batik-anim-1.9.jar;C:\Users\Jannik\.m2\repository\org\apache\xmlgraphics\batik-css\1.9\batik-css-1.9.jar;C:\Users\Jannik\.m2\repository\org\apache\xmlgraphics\batik-dom\1.9\batik-dom-1.9.jar;C:\Users\Jannik\.m2\repository\org\apache\xmlgraphics\batik-ext\1.9\batik-ext-1.9.jar;C:\Users\Jannik\.m2\repository\org\apache\xmlgraphics\batik-gvt\1.9\batik-gvt-1.9.jar;C:\Users\Jannik\.m2\repository\org\apache\xmlgraphics\batik-script\1.9\batik-script-1.9.jar;C:\Users\Jannik\.m2\repository\org\apache\xmlgraphics\batik-svg-dom\1.9\batik-svg-dom-1.9.jar;C:\Users\Jannik\.m2\repository\org\apache\xmlgraphics\batik-xml\1.9\batik-xml-1.9.jar;C:\Users\Jannik\.m2\repository\xalan\xalan\2.7.2\xalan-2.7.2.jar;C:\Users\Jannik\.m2\repository\xalan\serializer\2.7.2\serializer-2.7.2.jar;C:\Users\Jannik\.m2\repository\xml-apis\xml-apis-ext\1.3.04\xml-apis-ext-1.3.04.jar;C:\Users\Jannik\.m2\repository\org\apache\xmlgraphics\batik-transcoder\1.9\batik-transcoder-1.9.jar;C:\Users\Jannik\.m2\repository\org\apache\xmlgraphics\batik-svggen\1.9\batik-svggen-1.9.jar;C:\Users\Jannik\.m2\repository\org\apache\xmlgraphics\batik-util\1.9\batik-util-1.9.jar;C:\Users\Jannik\.m2\repository\org\apache\xmlgraphics\batik-constants\1.9\batik-constants-1.9.jar;C:\Users\Jannik\.m2\repository\org\apache\xmlgraphics\batik-i18n\1.9\batik-i18n-1.9.jar;C:\Users\Jannik\.m2\repository\xml-apis\xml-apis\1.3.04\xml-apis-1.3.04.jar;C:\Users\Jannik\.m2\repository\org\apache\xmlgraphics\xmlgraphics-commons\2.2\xmlgraphics-commons-2.2.jar;C:\Users\Jannik\.m2\repository\com\eclipsesource\j2v8\j2v8_macosx_x86_64\4.6.0\j2v8_macosx_x86_64-4.6.0.jar;C:\Users\Jannik\.m2\repository\com\eclipsesource\j2v8\j2v8_linux_x86_64\4.6.0\j2v8_linux_x86_64-4.6.0.jar;C:\Users\Jannik\.m2\repository\com\eclipsesource\j2v8\j2v8_win32_x86_64\4.6.0\j2v8_win32_x86_64-4.6.0.jar;C:\Users\Jannik\.m2\repository\com\eclipsesource\j2v8\j2v8_win32_x86\4.6.0\j2v8_win32_x86-4.6.0.jar;C:\Users\Jannik\.m2\repository\org\apache\commons\commons-exec\1.3\commons-exec-1.3.jar;C:\Users\Jannik\.m2\repository\org\slf4j\slf4j-api\1.7.25\slf4j-api-1.7.25.jar;C:\Users\Jannik\.m2\repository\org\slf4j\jcl-over-slf4j\1.7.25\jcl-over-slf4j-1.7.25.jar;C:\Users\Jannik\.m2\repository\org\slf4j\jul-to-slf4j\1.7.25\jul-to-slf4j-1.7.25.jar;C:\Users\Jannik\.m2\repository\ch\qos\logback\logback-classic\1.2.3\logback-classic-1.2.3.jar;C:\Users\Jannik\.m2\repository\ch\qos\logback\logback-core\1.2.3\logback-core-1.2.3.jar;C:\Users\Jannik\.m2\repository\com\github\galigator\openllet\openllet-owlapi\2.6.1\openllet-owlapi-2.6.1.jar;C:\Users\Jannik\.m2\repository\com\github\galigator\openllet\openllet-core\2.6.1\openllet-core-2.6.1.jar;C:\Users\Jannik\.m2\repository\com\github\galigator\openllet\openllet-functions\2.6.1\openllet-functions-2.6.1.jar;C:\Users\Jannik\.m2\repository\org\jgrapht\jgrapht-ext\1.3.1-SNAPSHOT\jgrapht-ext-1.3.1-SNAPSHOT.jar;C:\Users\Jannik\.m2\repository\org\jgrapht\jgrapht-core\1.3.1-SNAPSHOT\jgrapht-core-1.3.1-SNAPSHOT.jar;C:\Users\Jannik\.m2\repository\org\jheaps\jheaps\0.10\jheaps-0.10.jar;C:\Users\Jannik\.m2\repository\org\tinyjee\jgraphx\jgraphx\3.4.1.3\jgraphx-3.4.1.3.jar;C:\Users\Jannik\.m2\repository\com\github\galigator\openllet\openllet-query\2.6.1\openllet-query-2.6.1.jar;C:\Users\Jannik\.m2\repository\org\antlr\antlr-runtime\3.5.2\antlr-runtime-3.5.2.jar;C:\Users\Jannik\.m2\repository\edu\stanford\swrl\swrlapi\2.0.1\swrlapi-2.0.1.jar;C:\Users\Jannik\.m2\repository\net\sourceforge\owlapi\owlapi-osgidistribution\4.2.8\owlapi-osgidistribution-4.2.8.jar;C:\Users\Jannik\.m2\repository\com\fasterxml\jackson\core\jackson-core\2.5.1\jackson-core-2.5.1.jar;C:\Users\Jannik\.m2\repository\com\fasterxml\jackson\core\jackson-databind\2.5.1\jackson-databind-2.5.1.jar;C:\Users\Jannik\.m2\repository\com\fasterxml\jackson\core\jackson-annotations\2.5.1\jackson-annotations-2.5.1.jar;C:\Users\Jannik\.m2\repository\org\tukaani\xz\1.5\xz-1.5.jar;C:\Users\Jannik\.m2\repository\org\openrdf\sesame\sesame-model\2.7.16\sesame-model-2.7.16.jar;C:\Users\Jannik\.m2\repository\org\openrdf\sesame\sesame-rio-api\2.7.16\sesame-rio-api-2.7.16.jar;C:\Users\Jannik\.m2\repository\org\openrdf\sesame\sesame-rio-languages\2.7.16\sesame-rio-languages-2.7.16.jar;C:\Users\Jannik\.m2\repository\org\openrdf\sesame\sesame-rio-datatypes\2.7.16\sesame-rio-datatypes-2.7.16.jar;C:\Users\Jannik\.m2\repository\org\openrdf\sesame\sesame-rio-binary\2.7.16\sesame-rio-binary-2.7.16.jar;C:\Users\Jannik\.m2\repository\org\openrdf\sesame\sesame-rio-n3\2.7.16\sesame-rio-n3-2.7.16.jar;C:\Users\Jannik\.m2\repository\org\openrdf\sesame\sesame-rio-nquads\2.7.16\sesame-rio-nquads-2.7.16.jar;C:\Users\Jannik\.m2\repository\org\openrdf\sesame\sesame-rio-ntriples\2.7.16\sesame-rio-ntriples-2.7.16.jar;C:\Users\Jannik\.m2\repository\org\openrdf\sesame\sesame-rio-rdfjson\2.7.16\sesame-rio-rdfjson-2.7.16.jar;C:\Users\Jannik\.m2\repository\org\openrdf\sesame\sesame-rio-rdfxml\2.7.16\sesame-rio-rdfxml-2.7.16.jar;C:\Users\Jannik\.m2\repository\org\openrdf\sesame\sesame-rio-trix\2.7.16\sesame-rio-trix-2.7.16.jar;C:\Users\Jannik\.m2\repository\org\openrdf\sesame\sesame-rio-turtle\2.7.16\sesame-rio-turtle-2.7.16.jar;C:\Users\Jannik\.m2\repository\org\openrdf\sesame\sesame-rio-trig\2.7.16\sesame-rio-trig-2.7.16.jar;C:\Users\Jannik\.m2\repository\org\openrdf\sesame\sesame-util\2.7.16\sesame-util-2.7.16.jar;C:\Users\Jannik\.m2\repository\com\github\jsonld-java\jsonld-java-sesame\0.5.0\jsonld-java-sesame-0.5.0.jar;C:\Users\Jannik\.m2\repository\com\github\jsonld-java\jsonld-java\0.5.0\jsonld-java-0.5.0.jar;C:\Users\Jannik\.m2\repository\org\apache\httpcomponents\httpclient\4.5.1\httpclient-4.5.1.jar;C:\Users\Jannik\.m2\repository\org\apache\httpcomponents\httpclient-cache\4.5.1\httpclient-cache-4.5.1.jar;C:\Users\Jannik\.m2\repository\org\apache\httpcomponents\httpcore\4.4.3\httpcore-4.4.3.jar;C:\Users\Jannik\.m2\repository\commons-codec\commons-codec\1.9\commons-codec-1.9.jar;C:\Users\Jannik\.m2\repository\commons-logging\commons-logging\1.2\commons-logging-1.2.jar;C:\Users\Jannik\.m2\repository\org\semarglproject\semargl-sesame\0.6.1\semargl-sesame-0.6.1.jar;C:\Users\Jannik\.m2\repository\org\semarglproject\semargl-core\0.6.1\semargl-core-0.6.1.jar;C:\Users\Jannik\.m2\repository\org\semarglproject\semargl-rdfa\0.6.1\semargl-rdfa-0.6.1.jar;C:\Users\Jannik\.m2\repository\org\semarglproject\semargl-rdf\0.6.1\semargl-rdf-0.6.1.jar;C:\Users\Jannik\.m2\repository\org\apache\servicemix\bundles\org.apache.servicemix.bundles.javax-inject\1_2\org.apache.servicemix.bundles.javax-inject-1_2.jar;C:\Users\Jannik\.m2\repository\org\apache\servicemix\bundles\org.apache.servicemix.bundles.aopalliance\1.0_6\org.apache.servicemix.bundles.aopalliance-1.0_6.jar;C:\Users\Jannik\.m2\repository\net\sf\trove4j\trove4j\3.0.3\trove4j-3.0.3.jar;C:\Users\Jannik\.m2\repository\com\google\inject\guice\4.0\guice-4.0.jar;C:\Users\Jannik\.m2\repository\javax\inject\javax.inject\1\javax.inject-1.jar;C:\Users\Jannik\.m2\repository\aopalliance\aopalliance\1.0\aopalliance-1.0.jar;C:\Users\Jannik\.m2\repository\com\google\inject\extensions\guice-assistedinject\4.0\guice-assistedinject-4.0.jar;C:\Users\Jannik\.m2\repository\com\google\inject\extensions\guice-multibindings\4.0\guice-multibindings-4.0.jar;C:\Users\Jannik\.m2\repository\com\google\code\findbugs\jsr305\3.0.2\jsr305-3.0.2.jar;C:\Users\Jannik\.m2\repository\org\apache\geronimo\bundles\axis\1.4_2\axis-1.4_2.jar;C:\Users\Jannik\.m2\repository\org\apache\geronimo\bundles\commons-discovery\0.4_1\commons-discovery-0.4_1.jar;C:\Users\Jannik\.m2\repository\com\google\guava\guava\18.0\guava-18.0.jar;C:\Users\Jannik\.m2\repository\org\scijava\jep\2.4.2\jep-2.4.2.jar;C:\Users\Jannik\.m2\repository\gov\nist\math\jama\1.0.3\jama-1.0.3.jar;C:\Users\Jannik\.m2\repository\org\checkerframework\checker\1.9.13\checker-1.9.13.jar;C:\Users\Jannik\.m2\repository\org\checkerframework\checker-qual\1.9.13\checker-qual-1.9.13.jar;C:\Users\Jannik\.m2\repository\org\checkerframework\jdk8\1.9.13\jdk8-1.9.13.jar;C:\Users\Jannik\.m2\repository\org\hamcrest\hamcrest-core\1.3\hamcrest-core-1.3.jar;C:\Users\Jannik\.m2\repository\edu\stanford\swrl\swrlapi-drools-engine\2.0.1\swrlapi-drools-engine-2.0.1.jar;C:\Users\Jannik\.m2\repository\org\drools\drools-osgi-integration\6.5.0.Final\drools-osgi-integration-6.5.0.Final.jar;C:\Users\Jannik\.m2\repository\org\drools\drools-compiler\6.5.0.Final\drools-compiler-6.5.0.Final.jar;C:\Users\Jannik\.m2\repository\org\eclipse\jdt\core\compiler\ecj\4.4.2\ecj-4.4.2.jar;C:\Users\Jannik\.m2\repository\org\mvel\mvel2\2.2.8.Final\mvel2-2.2.8.Final.jar;C:\Users\Jannik\.m2\repository\com\thoughtworks\xstream\xstream\1.4.9\xstream-1.4.9.jar;C:\Users\Jannik\.m2\repository\xmlpull\xmlpull\1.1.3.1\xmlpull-1.1.3.1.jar;C:\Users\Jannik\.m2\repository\xpp3\xpp3_min\1.1.4c\xpp3_min-1.1.4c.jar;C:\Users\Jannik\.m2\repository\com\google\protobuf\protobuf-java\2.6.0\protobuf-java-2.6.0.jar;C:\Users\Jannik\.m2\repository\org\drools\drools-core\6.5.0.Final\drools-core-6.5.0.Final.jar;C:\Users\Jannik\.m2\repository\org\osgi\org.osgi.core\4.3.1\org.osgi.core-4.3.1.jar;C:\Users\Jannik\.m2\repository\org\kie\kie-api\6.5.0.Final\kie-api-6.5.0.Final.jar;C:\Users\Jannik\.m2\repository\org\kie\kie-spring\6.5.0.Final\kie-spring-6.5.0.Final.jar;C:\Users\Jannik\.m2\repository\org\jbpm\jbpm-flow\6.5.0.Final\jbpm-flow-6.5.0.Final.jar;C:\Users\Jannik\.m2\repository\joda-time\joda-time\1.6.2\joda-time-1.6.2.jar;C:\Users\Jannik\.m2\repository\org\springframework\spring-tx\4.3.2.RELEASE\spring-tx-4.3.2.RELEASE.jar;C:\Users\Jannik\.m2\repository\org\drools\drools-decisiontables\6.5.0.Final\drools-decisiontables-6.5.0.Final.jar;C:\Users\Jannik\.m2\repository\org\drools\drools-templates\6.5.0.Final\drools-templates-6.5.0.Final.jar;C:\Users\Jannik\.m2\repository\org\apache\poi\poi-ooxml\3.13\poi-ooxml-3.13.jar;C:\Users\Jannik\.m2\repository\org\apache\poi\poi-ooxml-schemas\3.13\poi-ooxml-schemas-3.13.jar;C:\Users\Jannik\.m2\repository\org\apache\xmlbeans\xmlbeans\2.6.0\xmlbeans-2.6.0.jar;C:\Users\Jannik\.m2\repository\stax\stax-api\1.0.1\stax-api-1.0.1.jar;C:\Users\Jannik\.m2\repository\org\apache\poi\poi\3.13\poi-3.13.jar;C:\Users\Jannik\.m2\repository\org\springframework\spring-core\4.3.2.RELEASE\spring-core-4.3.2.RELEASE.jar;C:\Users\Jannik\.m2\repository\org\springframework\spring-beans\4.3.2.RELEASE\spring-beans-4.3.2.RELEASE.jar;C:\Users\Jannik\.m2\repository\org\springframework\spring-context\4.3.2.RELEASE\spring-context-4.3.2.RELEASE.jar;C:\Users\Jannik\.m2\repository\org\springframework\spring-aop\4.3.2.RELEASE\spring-aop-4.3.2.RELEASE.jar;C:\Users\Jannik\.m2\repository\org\springframework\spring-expression\4.3.2.RELEASE\spring-expression-4.3.2.RELEASE.jar;C:\Users\Jannik\.m2\repository\org\springframework\osgi\spring-osgi-core\1.2.1\spring-osgi-core-1.2.1.jar;C:\Users\Jannik\.m2\repository\org\springframework\osgi\spring-osgi-io\1.2.1\spring-osgi-io-1.2.1.jar;C:\Users\Jannik\.m2\repository\org\drools\knowledge-api\6.5.0.Final\knowledge-api-6.5.0.Final.jar;C:\Users\Jannik\.m2\repository\org\drools\drools-reteoo\6.5.0.Final\drools-reteoo-6.5.0.Final.jar;C:\Users\Jannik\.m2\repository\org\kie\kie-internal\6.5.0.Final\kie-internal-6.5.0.Final.jar;C:\Users\Jannik\.m2\repository\commons-io\commons-io\2.4\commons-io-2.4.jar;C:\Users\Jannik\.m2\repository\edu\stanford\protege\org.protege.common\4.3.0\org.protege.common-4.3.0.jar;C:\Users\Jannik\.m2\repository\org\apache\felix\org.apache.felix.main\4.0.3\org.apache.felix.main-4.0.3.jar;C:\Users\Jannik\.m2\repository\org\apache\felix\org.apache.felix.framework\4.0.3\org.apache.felix.framework-4.0.3.jar;C:\Users\Jannik\.m2\repository\log4j\log4j\1.2.16\log4j-1.2.16.jar;C:\Users\Jannik\.m2\repository\com\jgoodies\looks\2.2.2\looks-2.2.2.jar;C:\Users\Jannik\.m2\repository\edu\stanford\protege\protege-editor-owl\5.2.0\protege-editor-owl-5.2.0.jar;C:\Users\Jannik\.m2\repository\edu\stanford\protege\org.protege.xmlcatalog\1.0.5\org.protege.xmlcatalog-1.0.5.jar;C:\Users\Jannik\.m2\repository\xml-resolver\xml-resolver\1.2\xml-resolver-1.2.jar;C:\Users\Jannik\.m2\repository\edu\stanford\protege\org.protege.editor.owl\4.3.0\org.protege.editor.owl-4.3.0.jar;C:\Users\Jannik\.m2\repository\org\eclipse\equinox\org.eclipse.equinox.registry\3.5.0.v20100503\org.eclipse.equinox.registry-3.5.0.v20100503.jar;C:\Users\Jannik\.m2\repository\org\eclipse\core\org.eclipse.core.jobs\3.5.0.v20100515\org.eclipse.core.jobs-3.5.0.v20100515.jar;C:\Users\Jannik\.m2\repository\org\eclipse\equinox\org.eclipse.equinox.common\3.6.0.v20100503\org.eclipse.equinox.common-3.6.0.v20100503.jar;C:\Users\Jannik\.m2\repository\org\eclipse\osgi\org.eclipse.osgi\3.6.0.v20100517\org.eclipse.osgi-3.6.0.v20100517.jar;C:\Users\Jannik\.m2\repository\edu\stanford\protege\org.protege.editor.core.application\4.3.0\org.protege.editor.core.application-4.3.0.jar;C:\Users\Jannik\.m2\repository\org\eclipse\equinox\registry\3.3.0-v20070522\registry-3.3.0-v20070522.jar;C:\Users\Jannik\.m2\repository\org\eclipse\equinox\common\3.6.200-v20130402-1505\common-3.6.200-v20130402-1505.jar;C:\Users\Jannik\.m2\repository\com\googlecode\mdock\mdock\1.1\mdock-1.1.jar;C:\Users\Jannik\.m2\repository\edu\stanford\protege\protege-owlapi-extensions\3.2.4\protege-owlapi-extensions-3.2.4.jar;C:\Users\Jannik\.m2\repository\net\sourceforge\owlapi\jfact\1.0.0\jfact-1.0.0.jar;C:\Users\Jannik\.m2\repository\net\sourceforge\owlapi\owlapi-distribution\3.4.3\owlapi-distribution-3.4.3.jar;C:\Users\Jannik\.m2\repository\net\sourceforge\owlapi\owlapi-contract\3.4.3\owlapi-contract-3.4.3.jar;C:\Users\Jannik\.m2\repository\net\sourceforge\owlapi\owlapi-apibinding\3.4.3\owlapi-apibinding-3.4.3.jar;C:\Users\Jannik\.m2\repository\net\sourceforge\owlapi\owlapi-api\3.4.3\owlapi-api-3.4.3.jar;C:\Users\Jannik\.m2\repository\net\sourceforge\owlapi\owlapi-impl\3.4.3\owlapi-impl-3.4.3.jar;C:\Users\Jannik\.m2\repository\net\sourceforge\owlapi\owlapi-parsers\3.4.3\owlapi-parsers-3.4.3.jar;C:\Users\Jannik\.m2\repository\net\sourceforge\owlapi\owlapi-tools\3.4.3\owlapi-tools-3.4.3.jar;C:\Users\Jannik\.m2\repository\org\testng\testng\6.8\testng-6.8.jar;C:\Users\Jannik\.m2\repository\junit\junit\4.12\junit-4.12.jar;C:\Users\Jannik\.m2\repository\org\beanshell\bsh\2.0b4\bsh-2.0b4.jar;C:\Users\Jannik\.m2\repository\com\beust\jcommander\1.27\jcommander-1.27.jar;C:\Users\Jannik\.m2\repository\org\yaml\snakeyaml\1.6\snakeyaml-1.6.jar;C:\Users\Jannik\.m2\repository\org\codehaus\groovy\groovy\2.5.5\groovy-2.5.5.jar;C:\Users\Jannik\.m2\repository\org\apache\maven\surefire\surefire-testng-utils\2.22.0\surefire-testng-utils-2.22.0.jar;C:\Users\Jannik\.m2\repository\org\apache\maven\surefire\surefire-grouper\2.22.0\surefire-grouper-2.22.0.jar;"/>
    <property name="java.vm.vendor" value="Oracle Corporation"/>
    <property name="sun.arch.data.model" value="64"/>
    <property name="user.variant" value=""/>
    <property name="java.vendor.url" value="http://java.oracle.com/"/>
    <property name="user.timezone" value="Europe/Berlin"/>
    <property name="java.vm.specification.version" value="9"/>
    <property name="os.name" value="Windows 10"/>
    <property name="sun.java.launcher" value="SUN_STANDARD"/>
    <property name="user.country" value="DE"/>
    <property name="sun.boot.library.path" value="C:\Program Files\Java\jdk-9.0.4\bin"/>
    <property name="sun.java.command" value="C:\Users\Jannik\AppData\Local\Temp\surefire4285406530686973654\surefirebooter13531564978030037717.jar C:\Users\Jannik\AppData\Local\Temp\surefire4285406530686973654 2019-01-11T17-27-27_269-jvmRun1 surefire5621666961978401815tmp surefire_014400812686055369216tmp"/>
    <property name="jdk.debug" value="release"/>
    <property name="surefire.test.class.path" value="C:\Users\Jannik\Desktop\AOWLN_Protege_Jannik\target\test-classes;C:\Users\Jannik\Desktop\AOWLN_Protege_Jannik\target\classes;C:\Users\Jannik\.m2\repository\guru\nidi\graphviz-java\0.2.3\graphviz-java-0.2.3.jar;C:\Users\Jannik\.m2\repository\org\apache\xmlgraphics\batik-rasterizer\1.9\batik-rasterizer-1.9.jar;C:\Users\Jannik\.m2\repository\org\apache\xmlgraphics\batik-svgrasterizer\1.9\batik-svgrasterizer-1.9.jar;C:\Users\Jannik\.m2\repository\org\apache\xmlgraphics\batik-parser\1.9\batik-parser-1.9.jar;C:\Users\Jannik\.m2\repository\org\apache\xmlgraphics\batik-codec\1.9\batik-codec-1.9.jar;C:\Users\Jannik\.m2\repository\org\apache\xmlgraphics\batik-awt-util\1.9\batik-awt-util-1.9.jar;C:\Users\Jannik\.m2\repository\org\apache\xmlgraphics\batik-bridge\1.9\batik-bridge-1.9.jar;C:\Users\Jannik\.m2\repository\org\apache\xmlgraphics\batik-anim\1.9\batik-anim-1.9.jar;C:\Users\Jannik\.m2\repository\org\apache\xmlgraphics\batik-css\1.9\batik-css-1.9.jar;C:\Users\Jannik\.m2\repository\org\apache\xmlgraphics\batik-dom\1.9\batik-dom-1.9.jar;C:\Users\Jannik\.m2\repository\org\apache\xmlgraphics\batik-ext\1.9\batik-ext-1.9.jar;C:\Users\Jannik\.m2\repository\org\apache\xmlgraphics\batik-gvt\1.9\batik-gvt-1.9.jar;C:\Users\Jannik\.m2\repository\org\apache\xmlgraphics\batik-script\1.9\batik-script-1.9.jar;C:\Users\Jannik\.m2\repository\org\apache\xmlgraphics\batik-svg-dom\1.9\batik-svg-dom-1.9.jar;C:\Users\Jannik\.m2\repository\org\apache\xmlgraphics\batik-xml\1.9\batik-xml-1.9.jar;C:\Users\Jannik\.m2\repository\xalan\xalan\2.7.2\xalan-2.7.2.jar;C:\Users\Jannik\.m2\repository\xalan\serializer\2.7.2\serializer-2.7.2.jar;C:\Users\Jannik\.m2\repository\xml-apis\xml-apis-ext\1.3.04\xml-apis-ext-1.3.04.jar;C:\Users\Jannik\.m2\repository\org\apache\xmlgraphics\batik-transcoder\1.9\batik-transcoder-1.9.jar;C:\Users\Jannik\.m2\repository\org\apache\xmlgraphics\batik-svggen\1.9\batik-svggen-1.9.jar;C:\Users\Jannik\.m2\repository\org\apache\xmlgraphics\batik-util\1.9\batik-util-1.9.jar;C:\Users\Jannik\.m2\repository\org\apache\xmlgraphics\batik-constants\1.9\batik-constants-1.9.jar;C:\Users\Jannik\.m2\repository\org\apache\xmlgraphics\batik-i18n\1.9\batik-i18n-1.9.jar;C:\Users\Jannik\.m2\repository\xml-apis\xml-apis\1.3.04\xml-apis-1.3.04.jar;C:\Users\Jannik\.m2\repository\org\apache\xmlgraphics\xmlgraphics-commons\2.2\xmlgraphics-commons-2.2.jar;C:\Users\Jannik\.m2\repository\com\eclipsesource\j2v8\j2v8_macosx_x86_64\4.6.0\j2v8_macosx_x86_64-4.6.0.jar;C:\Users\Jannik\.m2\repository\com\eclipsesource\j2v8\j2v8_linux_x86_64\4.6.0\j2v8_linux_x86_64-4.6.0.jar;C:\Users\Jannik\.m2\repository\com\eclipsesource\j2v8\j2v8_win32_x86_64\4.6.0\j2v8_win32_x86_64-4.6.0.jar;C:\Users\Jannik\.m2\repository\com\eclipsesource\j2v8\j2v8_win32_x86\4.6.0\j2v8_win32_x86-4.6.0.jar;C:\Users\Jannik\.m2\repository\org\apache\commons\commons-exec\1.3\commons-exec-1.3.jar;C:\Users\Jannik\.m2\repository\org\slf4j\slf4j-api\1.7.25\slf4j-api-1.7.25.jar;C:\Users\Jannik\.m2\repository\org\slf4j\jcl-over-slf4j\1.7.25\jcl-over-slf4j-1.7.25.jar;C:\Users\Jannik\.m2\repository\org\slf4j\jul-to-slf4j\1.7.25\jul-to-slf4j-1.7.25.jar;C:\Users\Jannik\.m2\repository\ch\qos\logback\logback-classic\1.2.3\logback-classic-1.2.3.jar;C:\Users\Jannik\.m2\repository\ch\qos\logback\logback-core\1.2.3\logback-core-1.2.3.jar;C:\Users\Jannik\.m2\repository\com\github\galigator\openllet\openllet-owlapi\2.6.1\openllet-owlapi-2.6.1.jar;C:\Users\Jannik\.m2\repository\com\github\galigator\openllet\openllet-core\2.6.1\openllet-core-2.6.1.jar;C:\Users\Jannik\.m2\repository\com\github\galigator\openllet\openllet-functions\2.6.1\openllet-functions-2.6.1.jar;C:\Users\Jannik\.m2\repository\org\jgrapht\jgrapht-ext\1.3.1-SNAPSHOT\jgrapht-ext-1.3.1-SNAPSHOT.jar;C:\Users\Jannik\.m2\repository\org\jgrapht\jgrapht-core\1.3.1-SNAPSHOT\jgrapht-core-1.3.1-SNAPSHOT.jar;C:\Users\Jannik\.m2\repository\org\jheaps\jheaps\0.10\jheaps-0.10.jar;C:\Users\Jannik\.m2\repository\org\tinyjee\jgraphx\jgraphx\3.4.1.3\jgraphx-3.4.1.3.jar;C:\Users\Jannik\.m2\repository\com\github\galigator\openllet\openllet-query\2.6.1\openllet-query-2.6.1.jar;C:\Users\Jannik\.m2\repository\org\antlr\antlr-runtime\3.5.2\antlr-runtime-3.5.2.jar;C:\Users\Jannik\.m2\repository\edu\stanford\swrl\swrlapi\2.0.1\swrlapi-2.0.1.jar;C:\Users\Jannik\.m2\repository\net\sourceforge\owlapi\owlapi-osgidistribution\4.2.8\owlapi-osgidistribution-4.2.8.jar;C:\Users\Jannik\.m2\repository\com\fasterxml\jackson\core\jackson-core\2.5.1\jackson-core-2.5.1.jar;C:\Users\Jannik\.m2\repository\com\fasterxml\jackson\core\jackson-databind\2.5.1\jackson-databind-2.5.1.jar;C:\Users\Jannik\.m2\repository\com\fasterxml\jackson\core\jackson-annotations\2.5.1\jackson-annotations-2.5.1.jar;C:\Users\Jannik\.m2\repository\org\tukaani\xz\1.5\xz-1.5.jar;C:\Users\Jannik\.m2\repository\org\openrdf\sesame\sesame-model\2.7.16\sesame-model-2.7.16.jar;C:\Users\Jannik\.m2\repository\org\openrdf\sesame\sesame-rio-api\2.7.16\sesame-rio-api-2.7.16.jar;C:\Users\Jannik\.m2\repository\org\openrdf\sesame\sesame-rio-languages\2.7.16\sesame-rio-languages-2.7.16.jar;C:\Users\Jannik\.m2\repository\org\openrdf\sesame\sesame-rio-datatypes\2.7.16\sesame-rio-datatypes-2.7.16.jar;C:\Users\Jannik\.m2\repository\org\openrdf\sesame\sesame-rio-binary\2.7.16\sesame-rio-binary-2.7.16.jar;C:\Users\Jannik\.m2\repository\org\openrdf\sesame\sesame-rio-n3\2.7.16\sesame-rio-n3-2.7.16.jar;C:\Users\Jannik\.m2\repository\org\openrdf\sesame\sesame-rio-nquads\2.7.16\sesame-rio-nquads-2.7.16.jar;C:\Users\Jannik\.m2\repository\org\openrdf\sesame\sesame-rio-ntriples\2.7.16\sesame-rio-ntriples-2.7.16.jar;C:\Users\Jannik\.m2\repository\org\openrdf\sesame\sesame-rio-rdfjson\2.7.16\sesame-rio-rdfjson-2.7.16.jar;C:\Users\Jannik\.m2\repository\org\openrdf\sesame\sesame-rio-rdfxml\2.7.16\sesame-rio-rdfxml-2.7.16.jar;C:\Users\Jannik\.m2\repository\org\openrdf\sesame\sesame-rio-trix\2.7.16\sesame-rio-trix-2.7.16.jar;C:\Users\Jannik\.m2\repository\org\openrdf\sesame\sesame-rio-turtle\2.7.16\sesame-rio-turtle-2.7.16.jar;C:\Users\Jannik\.m2\repository\org\openrdf\sesame\sesame-rio-trig\2.7.16\sesame-rio-trig-2.7.16.jar;C:\Users\Jannik\.m2\repository\org\openrdf\sesame\sesame-util\2.7.16\sesame-util-2.7.16.jar;C:\Users\Jannik\.m2\repository\com\github\jsonld-java\jsonld-java-sesame\0.5.0\jsonld-java-sesame-0.5.0.jar;C:\Users\Jannik\.m2\repository\com\github\jsonld-java\jsonld-java\0.5.0\jsonld-java-0.5.0.jar;C:\Users\Jannik\.m2\repository\org\apache\httpcomponents\httpclient\4.5.1\httpclient-4.5.1.jar;C:\Users\Jannik\.m2\repository\org\apache\httpcomponents\httpclient-cache\4.5.1\httpclient-cache-4.5.1.jar;C:\Users\Jannik\.m2\repository\org\apache\httpcomponents\httpcore\4.4.3\httpcore-4.4.3.jar;C:\Users\Jannik\.m2\repository\commons-codec\commons-codec\1.9\commons-codec-1.9.jar;C:\Users\Jannik\.m2\repository\commons-logging\commons-logging\1.2\commons-logging-1.2.jar;C:\Users\Jannik\.m2\repository\org\semarglproject\semargl-sesame\0.6.1\semargl-sesame-0.6.1.jar;C:\Users\Jannik\.m2\repository\org\semarglproject\semargl-core\0.6.1\semargl-core-0.6.1.jar;C:\Users\Jannik\.m2\repository\org\semarglproject\semargl-rdfa\0.6.1\semargl-rdfa-0.6.1.jar;C:\Users\Jannik\.m2\repository\org\semarglproject\semargl-rdf\0.6.1\semargl-rdf-0.6.1.jar;C:\Users\Jannik\.m2\repository\org\apache\servicemix\bundles\org.apache.servicemix.bundles.javax-inject\1_2\org.apache.servicemix.bundles.javax-inject-1_2.jar;C:\Users\Jannik\.m2\repository\org\apache\servicemix\bundles\org.apache.servicemix.bundles.aopalliance\1.0_6\org.apache.servicemix.bundles.aopalliance-1.0_6.jar;C:\Users\Jannik\.m2\repository\net\sf\trove4j\trove4j\3.0.3\trove4j-3.0.3.jar;C:\Users\Jannik\.m2\repository\com\google\inject\guice\4.0\guice-4.0.jar;C:\Users\Jannik\.m2\repository\javax\inject\javax.inject\1\javax.inject-1.jar;C:\Users\Jannik\.m2\repository\aopalliance\aopalliance\1.0\aopalliance-1.0.jar;C:\Users\Jannik\.m2\repository\com\google\inject\extensions\guice-assistedinject\4.0\guice-assistedinject-4.0.jar;C:\Users\Jannik\.m2\repository\com\google\inject\extensions\guice-multibindings\4.0\guice-multibindings-4.0.jar;C:\Users\Jannik\.m2\repository\com\google\code\findbugs\jsr305\3.0.2\jsr305-3.0.2.jar;C:\Users\Jannik\.m2\repository\org\apache\geronimo\bundles\axis\1.4_2\axis-1.4_2.jar;C:\Users\Jannik\.m2\repository\org\apache\geronimo\bundles\commons-discovery\0.4_1\commons-discovery-0.4_1.jar;C:\Users\Jannik\.m2\repository\com\google\guava\guava\18.0\guava-18.0.jar;C:\Users\Jannik\.m2\repository\org\scijava\jep\2.4.2\jep-2.4.2.jar;C:\Users\Jannik\.m2\repository\gov\nist\math\jama\1.0.3\jama-1.0.3.jar;C:\Users\Jannik\.m2\repository\org\checkerframework\checker\1.9.13\checker-1.9.13.jar;C:\Users\Jannik\.m2\repository\org\checkerframework\checker-qual\1.9.13\checker-qual-1.9.13.jar;C:\Users\Jannik\.m2\repository\org\checkerframework\jdk8\1.9.13\jdk8-1.9.13.jar;C:\Users\Jannik\.m2\repository\org\hamcrest\hamcrest-core\1.3\hamcrest-core-1.3.jar;C:\Users\Jannik\.m2\repository\edu\stanford\swrl\swrlapi-drools-engine\2.0.1\swrlapi-drools-engine-2.0.1.jar;C:\Users\Jannik\.m2\repository\org\drools\drools-osgi-integration\6.5.0.Final\drools-osgi-integration-6.5.0.Final.jar;C:\Users\Jannik\.m2\repository\org\drools\drools-compiler\6.5.0.Final\drools-compiler-6.5.0.Final.jar;C:\Users\Jannik\.m2\repository\org\eclipse\jdt\core\compiler\ecj\4.4.2\ecj-4.4.2.jar;C:\Users\Jannik\.m2\repository\org\mvel\mvel2\2.2.8.Final\mvel2-2.2.8.Final.jar;C:\Users\Jannik\.m2\repository\com\thoughtworks\xstream\xstream\1.4.9\xstream-1.4.9.jar;C:\Users\Jannik\.m2\repository\xmlpull\xmlpull\1.1.3.1\xmlpull-1.1.3.1.jar;C:\Users\Jannik\.m2\repository\xpp3\xpp3_min\1.1.4c\xpp3_min-1.1.4c.jar;C:\Users\Jannik\.m2\repository\com\google\protobuf\protobuf-java\2.6.0\protobuf-java-2.6.0.jar;C:\Users\Jannik\.m2\repository\org\drools\drools-core\6.5.0.Final\drools-core-6.5.0.Final.jar;C:\Users\Jannik\.m2\repository\org\osgi\org.osgi.core\4.3.1\org.osgi.core-4.3.1.jar;C:\Users\Jannik\.m2\repository\org\kie\kie-api\6.5.0.Final\kie-api-6.5.0.Final.jar;C:\Users\Jannik\.m2\repository\org\kie\kie-spring\6.5.0.Final\kie-spring-6.5.0.Final.jar;C:\Users\Jannik\.m2\repository\org\jbpm\jbpm-flow\6.5.0.Final\jbpm-flow-6.5.0.Final.jar;C:\Users\Jannik\.m2\repository\joda-time\joda-time\1.6.2\joda-time-1.6.2.jar;C:\Users\Jannik\.m2\repository\org\springframework\spring-tx\4.3.2.RELEASE\spring-tx-4.3.2.RELEASE.jar;C:\Users\Jannik\.m2\repository\org\drools\drools-decisiontables\6.5.0.Final\drools-decisiontables-6.5.0.Final.jar;C:\Users\Jannik\.m2\repository\org\drools\drools-templates\6.5.0.Final\drools-templates-6.5.0.Final.jar;C:\Users\Jannik\.m2\repository\org\apache\poi\poi-ooxml\3.13\poi-ooxml-3.13.jar;C:\Users\Jannik\.m2\repository\org\apache\poi\poi-ooxml-schemas\3.13\poi-ooxml-schemas-3.13.jar;C:\Users\Jannik\.m2\repository\org\apache\xmlbeans\xmlbeans\2.6.0\xmlbeans-2.6.0.jar;C:\Users\Jannik\.m2\repository\stax\stax-api\1.0.1\stax-api-1.0.1.jar;C:\Users\Jannik\.m2\repository\org\apache\poi\poi\3.13\poi-3.13.jar;C:\Users\Jannik\.m2\repository\org\springframework\spring-core\4.3.2.RELEASE\spring-core-4.3.2.RELEASE.jar;C:\Users\Jannik\.m2\repository\org\springframework\spring-beans\4.3.2.RELEASE\spring-beans-4.3.2.RELEASE.jar;C:\Users\Jannik\.m2\repository\org\springframework\spring-context\4.3.2.RELEASE\spring-context-4.3.2.RELEASE.jar;C:\Users\Jannik\.m2\repository\org\springframework\spring-aop\4.3.2.RELEASE\spring-aop-4.3.2.RELEASE.jar;C:\Users\Jannik\.m2\repository\org\springframework\spring-expression\4.3.2.RELEASE\spring-expression-4.3.2.RELEASE.jar;C:\Users\Jannik\.m2\repository\org\springframework\osgi\spring-osgi-core\1.2.1\spring-osgi-core-1.2.1.jar;C:\Users\Jannik\.m2\repository\org\springframework\osgi\spring-osgi-io\1.2.1\spring-osgi-io-1.2.1.jar;C:\Users\Jannik\.m2\repository\org\drools\knowledge-api\6.5.0.Final\knowledge-api-6.5.0.Final.jar;C:\Users\Jannik\.m2\repository\org\drools\drools-reteoo\6.5.0.Final\drools-reteoo-6.5.0.Final.jar;C:\Users\Jannik\.m2\repository\org\kie\kie-internal\6.5.0.Final\kie-internal-6.5.0.Final.jar;C:\Users\Jannik\.m2\repository\commons-io\commons-io\2.4\commons-io-2.4.jar;C:\Users\Jannik\.m2\repository\edu\stanford\protege\org.protege.common\4.3.0\org.protege.common-4.3.0.jar;C:\Users\Jannik\.m2\repository\org\apache\felix\org.apache.felix.main\4.0.3\org.apache.felix.main-4.0.3.jar;C:\Users\Jannik\.m2\repository\org\apache\felix\org.apache.felix.framework\4.0.3\org.apache.felix.framework-4.0.3.jar;C:\Users\Jannik\.m2\repository\log4j\log4j\1.2.16\log4j-1.2.16.jar;C:\Users\Jannik\.m2\repository\com\jgoodies\looks\2.2.2\looks-2.2.2.jar;C:\Users\Jannik\.m2\repository\edu\stanford\protege\protege-editor-owl\5.2.0\protege-editor-owl-5.2.0.jar;C:\Users\Jannik\.m2\repository\edu\stanford\protege\org.protege.xmlcatalog\1.0.5\org.protege.xmlcatalog-1.0.5.jar;C:\Users\Jannik\.m2\repository\xml-resolver\xml-resolver\1.2\xml-resolver-1.2.jar;C:\Users\Jannik\.m2\repository\edu\stanford\protege\org.protege.editor.owl\4.3.0\org.protege.editor.owl-4.3.0.jar;C:\Users\Jannik\.m2\repository\org\eclipse\equinox\org.eclipse.equinox.registry\3.5.0.v20100503\org.eclipse.equinox.registry-3.5.0.v20100503.jar;C:\Users\Jannik\.m2\repository\org\eclipse\core\org.eclipse.core.jobs\3.5.0.v20100515\org.eclipse.core.jobs-3.5.0.v20100515.jar;C:\Users\Jannik\.m2\repository\org\eclipse\equinox\org.eclipse.equinox.common\3.6.0.v20100503\org.eclipse.equinox.common-3.6.0.v20100503.jar;C:\Users\Jannik\.m2\repository\org\eclipse\osgi\org.eclipse.osgi\3.6.0.v20100517\org.eclipse.osgi-3.6.0.v20100517.jar;C:\Users\Jannik\.m2\repository\edu\stanford\protege\org.protege.editor.core.application\4.3.0\org.protege.editor.core.application-4.3.0.jar;C:\Users\Jannik\.m2\repository\org\eclipse\equinox\registry\3.3.0-v20070522\registry-3.3.0-v20070522.jar;C:\Users\Jannik\.m2\repository\org\eclipse\equinox\common\3.6.200-v20130402-1505\common-3.6.200-v20130402-1505.jar;C:\Users\Jannik\.m2\repository\com\googlecode\mdock\mdock\1.1\mdock-1.1.jar;C:\Users\Jannik\.m2\repository\edu\stanford\protege\protege-owlapi-extensions\3.2.4\protege-owlapi-extensions-3.2.4.jar;C:\Users\Jannik\.m2\repository\net\sourceforge\owlapi\jfact\1.0.0\jfact-1.0.0.jar;C:\Users\Jannik\.m2\repository\net\sourceforge\owlapi\owlapi-distribution\3.4.3\owlapi-distribution-3.4.3.jar;C:\Users\Jannik\.m2\repository\net\sourceforge\owlapi\owlapi-contract\3.4.3\owlapi-contract-3.4.3.jar;C:\Users\Jannik\.m2\repository\net\sourceforge\owlapi\owlapi-apibinding\3.4.3\owlapi-apibinding-3.4.3.jar;C:\Users\Jannik\.m2\repository\net\sourceforge\owlapi\owlapi-api\3.4.3\owlapi-api-3.4.3.jar;C:\Users\Jannik\.m2\repository\net\sourceforge\owlapi\owlapi-impl\3.4.3\owlapi-impl-3.4.3.jar;C:\Users\Jannik\.m2\repository\net\sourceforge\owlapi\owlapi-parsers\3.4.3\owlapi-parsers-3.4.3.jar;C:\Users\Jannik\.m2\repository\net\sourceforge\owlapi\owlapi-tools\3.4.3\owlapi-tools-3.4.3.jar;C:\Users\Jannik\.m2\repository\org\testng\testng\6.8\testng-6.8.jar;C:\Users\Jannik\.m2\repository\junit\junit\4.12\junit-4.12.jar;C:\Users\Jannik\.m2\repository\org\beanshell\bsh\2.0b4\bsh-2.0b4.jar;C:\Users\Jannik\.m2\repository\com\beust\jcommander\1.27\jcommander-1.27.jar;C:\Users\Jannik\.m2\repository\org\yaml\snakeyaml\1.6\snakeyaml-1.6.jar;C:\Users\Jannik\.m2\repository\org\codehaus\groovy\groovy\2.5.5\groovy-2.5.5.jar;C:\Users\Jannik\.m2\repository\org\apache\maven\surefire\surefire-testng-utils\2.22.0\surefire-testng-utils-2.22.0.jar;C:\Users\Jannik\.m2\repository\org\apache\maven\surefire\surefire-grouper\2.22.0\surefire-grouper-2.22.0.jar;"/>
    <property name="sun.cpu.endian" value="little"/>
    <property name="user.home" value="C:\Users\Jannik"/>
    <property name="user.language" value="de"/>
    <property name="java.specification.vendor" value="Oracle Corporation"/>
    <property name="java.home" value="C:\Program Files\Java\jdk-9.0.4"/>
    <property name="file.separator" value="\"/>
    <property name="basedir" value="C:\Users\Jannik\Desktop\AOWLN_Protege_Jannik"/>
    <property name="java.vm.compressedOopsMode" value="32-bit"/>
    <property name="line.separator" value="&#10;"/>
    <property name="java.vm.specification.vendor" value="Oracle Corporation"/>
    <property name="java.specification.name" value="Java Platform API Specification"/>
    <property name="java.awt.graphicsenv" value="sun.awt.Win32GraphicsEnvironment"/>
    <property name="surefire.real.class.path" value="C:\Users\Jannik\AppData\Local\Temp\surefire4285406530686973654\surefirebooter13531564978030037717.jar"/>
    <property name="user.script" value=""/>
    <property name="sun.management.compiler" value="HotSpot 64-Bit Tiered Compilers"/>
    <property name="java.runtime.version" value="9.0.4+11"/>
    <property name="user.name" value="Jannik"/>
    <property name="path.separator" value=";"/>
    <property name="os.version" value="10.0"/>
    <property name="java.runtime.name" value="Java(TM) SE Runtime Environment"/>
    <property name="file.encoding" value="Cp1252"/>
    <property name="java.vm.name" value="Java HotSpot(TM) 64-Bit Server VM"/>
    <property name="localRepository" value="C:\Users\Jannik\.m2\repository"/>
    <property name="java.vendor.url.bug" value="http://bugreport.java.com/bugreport/"/>
    <property name="java.io.tmpdir" value="C:\Users\Jannik\AppData\Local\Temp\"/>
    <property name="idea.version" value="2018.1"/>
    <property name="java.version" value="9.0.4"/>
    <property name="user.dir" value="C:\Users\Jannik\Desktop\AOWLN_Protege_Jannik"/>
    <property name="os.arch" value="amd64"/>
    <property name="java.vm.specification.name" value="Java Virtual Machine Specification"/>
    <property name="java.awt.printerjob" value="sun.awt.windows.WPrinterJob"/>
    <property name="sun.os.patch.level" value=""/>
    <property name="java.library.path" value="C:\Program Files\Java\jdk-9.0.4\bin;C:\WINDOWS\Sun\Java\bin;C:\WINDOWS\system32;C:\WINDOWS;C:\ProgramData\Oracle\Java\javapath;C:\Program Files (x86)\Intel\iCLS Client\;C:\Program Files\Intel\iCLS Client\;C:\WINDOWS\system32;C:\WINDOWS;C:\WINDOWS\System32\Wbem;C:\WINDOWS\System32\WindowsPowerShell\v1.0\;C:\Program Files (x86)\Intel\Intel(R) Management Engine Components\DAL;C:\Program Files\Intel\Intel(R) Management Engine Components\DAL;C:\Program Files (x86)\Intel\Intel(R) Management Engine Components\IPT;C:\Program Files\Intel\Intel(R) Management Engine Components\IPT;C:\Program Files (x86)\Brackets\command;C:\WINDOWS\System32\OpenSSH\;C:\Program Files\Git\cmd;C:\Program Files (x86)\HP\IdrsOCR_15.2.10.1114\;C:\Program Files\MySQL\MySQL Utilities 1.6\;C:\Program Files (x86)\PuTTY\;C:\Program Files\dotnet\;C:\Program Files\Intel\WiFi\bin\;C:\Program Files\Common Files\Intel\WirelessCommon\;C:\Program Files\nodejs\;C:\Users\Jannik\AppData\Local\Programs\Python\Python36\Scripts\;C:\Users\Jannik\AppData\Local\Programs\Python\Python36\;C:\Users\Jannik\Anaconda3;C:\Users\Jannik\Anaconda3\Library\mingw-w64\bin;C:\Users\Jannik\Anaconda3\Library\usr\bin;C:\Users\Jannik\Anaconda3\Library\bin;C:\Users\Jannik\Anaconda3\Scripts;C:\Users\Jannik\AppData\Local\Microsoft\WindowsApps;C:\Users\Jannik\AppData\Local\GitHubDesktop\bin;C:\Program Files\Intel\WiFi\bin\;C:\Program Files\Common Files\Intel\WirelessCommon\;C:\Users\Jannik\AppData\Roaming\npm;."/>
    <property name="java.vm.info" value="mixed mode"/>
    <property name="java.vendor" value="Oracle Corporation"/>
    <property name="java.vm.version" value="9.0.4+11"/>
    <property name="sun.io.unicode.encoding" value="UnicodeLittle"/>
    <property name="java.class.version" value="53.0"/>
  </properties>
</testsuite>